2022-07-07 16:09:20,155 root         INFO     pyDEA started as a GUI application.
2022-07-07 16:11:17,348 root         INFO     pyDEA exited.
2022-07-07 16:13:48,238 root         INFO     pyDEA started as a console application.
2022-07-07 16:13:48,239 root         INFO     Params file "sample.csv", output format "csv", output directory "Sample.csv", sheet name "".
2022-07-07 16:13:48,240 root         ERROR    File sample.csv does not contain any valid parameter values
2022-07-07 16:14:12,520 root         INFO     pyDEA started as a GUI application.
2022-07-07 16:15:23,096 root         INFO     Started solving given DEA model(s).
2022-07-07 16:15:23,096 root         INFO     Parameters: <CATEGORICAL_CATEGORY> = '', <USE_SUPER_EFFICIENCY> = '', <INPUT_CATEGORIES> = '', <ORIENTATION> = 'input', <DEA_FORM> = 'env', <MAXIMIZE_SLACKS> = '', <RETURN_TO_SCALE> = 'VRS', <NON_DISCRETIONARY_CATEGORIES> = '', <DATA_FILE> = '/home/shisuimadara/HACKIIScPYTHON/sample.csv', <MULTIPLIER_MODEL_TOLERANCE> = '0', <ABS_WEIGHT_RESTRICTIONS> = '', <VIRTUAL_WEIGHT_RESTRICTIONS> = '', <OUTPUT_FILE> = '', <PRICE_RATIO_RESTRICTIONS> = '', <OUTPUT_CATEGORIES> = '', <WEAKLY_DISPOSAL_CATEGORIES> = '', <PEEL_THE_ONION> = ''
2022-07-07 16:15:23,101 root         ERROR    Both input and output categories must be specified
2022-07-07 16:15:40,732 root         INFO     Started solving given DEA model(s).
2022-07-07 16:15:40,732 root         INFO     Parameters: <CATEGORICAL_CATEGORY> = '', <USE_SUPER_EFFICIENCY> = '', <INPUT_CATEGORIES> = 'DeadlinesMissed;TaskAssigned;number of EOM;EOY(points);EOM points (agg);DeadlinesMet;TaskCompleted;Manager Score', <ORIENTATION> = 'input', <DEA_FORM> = 'env', <MAXIMIZE_SLACKS> = '', <RETURN_TO_SCALE> = 'VRS', <NON_DISCRETIONARY_CATEGORIES> = '', <DATA_FILE> = '/home/shisuimadara/HACKIIScPYTHON/sample.csv', <MULTIPLIER_MODEL_TOLERANCE> = '0', <ABS_WEIGHT_RESTRICTIONS> = '', <VIRTUAL_WEIGHT_RESTRICTIONS> = '', <OUTPUT_FILE> = '', <PRICE_RATIO_RESTRICTIONS> = '', <OUTPUT_CATEGORIES> = '', <WEAKLY_DISPOSAL_CATEGORIES> = '', <PEEL_THE_ONION> = ''
2022-07-07 16:15:40,752 root         ERROR    Both input and output categories must be specified
2022-07-07 16:16:17,878 root         INFO     Started solving given DEA model(s).
2022-07-07 16:16:17,879 root         INFO     Parameters: <CATEGORICAL_CATEGORY> = '', <USE_SUPER_EFFICIENCY> = '', <INPUT_CATEGORIES> = 'DeadlinesMissed;TaskAssigned;number of EOM;EOY(points);EOM points (agg);DeadlinesMet;TaskCompleted;Manager Score', <ORIENTATION> = 'input', <DEA_FORM> = 'env', <MAXIMIZE_SLACKS> = '', <RETURN_TO_SCALE> = 'VRS', <NON_DISCRETIONARY_CATEGORIES> = '', <DATA_FILE> = '/home/shisuimadara/HACKIIScPYTHON/sample.csv', <MULTIPLIER_MODEL_TOLERANCE> = '0', <ABS_WEIGHT_RESTRICTIONS> = '', <VIRTUAL_WEIGHT_RESTRICTIONS> = '', <OUTPUT_FILE> = '', <PRICE_RATIO_RESTRICTIONS> = '', <OUTPUT_CATEGORIES> = '', <WEAKLY_DISPOSAL_CATEGORIES> = '', <PEEL_THE_ONION> = ''
2022-07-07 16:16:17,884 root         ERROR    Both input and output categories must be specified
2022-07-07 16:16:59,506 root         INFO     Started solving given DEA model(s).
2022-07-07 16:16:59,507 root         INFO     Parameters: <CATEGORICAL_CATEGORY> = '', <USE_SUPER_EFFICIENCY> = '', <INPUT_CATEGORIES> = 'DeadlinesMissed;TaskAssigned;number of EOM;EOY(points);EOM points (agg);DeadlinesMet;TaskCompleted;Manager Score', <ORIENTATION> = 'input', <DEA_FORM> = 'env', <MAXIMIZE_SLACKS> = '', <RETURN_TO_SCALE> = 'VRS', <NON_DISCRETIONARY_CATEGORIES> = 'TaskAssigned; TaskCompleted; DeadlinesMet; DeadlinesMissed; number of EOM; EOM points (agg); EOY(points); Manager Score', <DATA_FILE> = '/home/shisuimadara/HACKIIScPYTHON/sample.csv', <MULTIPLIER_MODEL_TOLERANCE> = '0', <ABS_WEIGHT_RESTRICTIONS> = '', <VIRTUAL_WEIGHT_RESTRICTIONS> = '', <OUTPUT_FILE> = '', <PRICE_RATIO_RESTRICTIONS> = '', <OUTPUT_CATEGORIES> = '', <WEAKLY_DISPOSAL_CATEGORIES> = '', <PEEL_THE_ONION> = ''
2022-07-07 16:16:59,512 root         ERROR    Both input and output categories must be specified
2022-07-07 16:18:15,122 root         INFO     Started solving given DEA model(s).
2022-07-07 16:18:15,122 root         INFO     Parameters: <CATEGORICAL_CATEGORY> = '', <USE_SUPER_EFFICIENCY> = '', <INPUT_CATEGORIES> = 'DeadlinesMissed;TaskAssigned;number of EOM;EOY(points);EOM points (agg);DeadlinesMet;TaskCompleted;Manager Score', <ORIENTATION> = 'output', <DEA_FORM> = 'env', <MAXIMIZE_SLACKS> = '', <RETURN_TO_SCALE> = 'VRS', <NON_DISCRETIONARY_CATEGORIES> = 'TaskAssigned; TaskCompleted; DeadlinesMet; DeadlinesMissed; number of EOM; EOM points (agg); EOY(points); Manager Score', <DATA_FILE> = '/home/shisuimadara/HACKIIScPYTHON/sample.csv', <MULTIPLIER_MODEL_TOLERANCE> = '0', <ABS_WEIGHT_RESTRICTIONS> = '', <VIRTUAL_WEIGHT_RESTRICTIONS> = '', <OUTPUT_FILE> = '', <PRICE_RATIO_RESTRICTIONS> = '', <OUTPUT_CATEGORIES> = '', <WEAKLY_DISPOSAL_CATEGORIES> = '', <PEEL_THE_ONION> = ''
2022-07-07 16:18:15,127 root         ERROR    Both input and output categories must be specified
2022-07-07 16:18:22,921 root         INFO     Started solving given DEA model(s).
2022-07-07 16:18:22,922 root         INFO     Parameters: <CATEGORICAL_CATEGORY> = '', <USE_SUPER_EFFICIENCY> = '', <INPUT_CATEGORIES> = 'DeadlinesMissed;TaskAssigned;number of EOM;EOY(points);EOM points (agg);DeadlinesMet;TaskCompleted;Manager Score', <ORIENTATION> = 'both', <DEA_FORM> = 'env', <MAXIMIZE_SLACKS> = '', <RETURN_TO_SCALE> = 'VRS', <NON_DISCRETIONARY_CATEGORIES> = 'TaskAssigned; TaskCompleted; DeadlinesMet; DeadlinesMissed; number of EOM; EOM points (agg); EOY(points); Manager Score', <DATA_FILE> = '/home/shisuimadara/HACKIIScPYTHON/sample.csv', <MULTIPLIER_MODEL_TOLERANCE> = '0', <ABS_WEIGHT_RESTRICTIONS> = '', <VIRTUAL_WEIGHT_RESTRICTIONS> = '', <OUTPUT_FILE> = '', <PRICE_RATIO_RESTRICTIONS> = '', <OUTPUT_CATEGORIES> = '', <WEAKLY_DISPOSAL_CATEGORIES> = '', <PEEL_THE_ONION> = ''
2022-07-07 16:18:22,927 root         ERROR    Both input and output categories must be specified
2022-07-07 16:18:39,565 root         INFO     Started solving given DEA model(s).
2022-07-07 16:18:39,566 root         INFO     Parameters: <CATEGORICAL_CATEGORY> = '', <USE_SUPER_EFFICIENCY> = '', <INPUT_CATEGORIES> = 'DeadlinesMissed;TaskAssigned;number of EOM;EOY(points);EOM points (agg);DeadlinesMet;TaskCompleted;Manager Score', <ORIENTATION> = 'input', <DEA_FORM> = 'env', <MAXIMIZE_SLACKS> = '', <RETURN_TO_SCALE> = 'VRS', <NON_DISCRETIONARY_CATEGORIES> = 'TaskAssigned; TaskCompleted; DeadlinesMet; DeadlinesMissed; number of EOM; EOM points (agg); EOY(points); Manager Score', <DATA_FILE> = '/home/shisuimadara/HACKIIScPYTHON/sample.csv', <MULTIPLIER_MODEL_TOLERANCE> = '0', <ABS_WEIGHT_RESTRICTIONS> = '', <VIRTUAL_WEIGHT_RESTRICTIONS> = '', <OUTPUT_FILE> = '', <PRICE_RATIO_RESTRICTIONS> = '', <OUTPUT_CATEGORIES> = '', <WEAKLY_DISPOSAL_CATEGORIES> = '', <PEEL_THE_ONION> = ''
2022-07-07 16:18:39,571 root         ERROR    Both input and output categories must be specified
2022-07-07 16:33:29,036 root         INFO     pyDEA started as a console application.
2022-07-07 16:33:29,037 root         INFO     Params file "parameters.txt", output format "csv", output directory "", sheet name "sample.csv".
2022-07-07 16:33:29,038 root         INFO     Started solving given DEA model(s).
2022-07-07 16:33:29,038 root         INFO     Parameters: <ABS_WEIGHT_RESTRICTIONS> = '', <USE_SUPER_EFFICIENCY> = '', <PEEL_THE_ONION> = '', <CATEGORICAL_CATEGORY> = '', <OUTPUT_FILE> = 'auto', <OUTPUT_CATEGORIES> = 'Efficiency', <VIRTUAL_WEIGHT_RESTRICTIONS> = '', <NON_DISCRETIONARY_CATEGORIES> = 'ND1', <RETURN_TO_SCALE> = 'both', <MULTIPLIER_MODEL_TOLERANCE> = '0', <MAXIMIZE_SLACKS> = '', <ORIENTATION> = 'input', <DATA_FILE> = 'sample.csv', <WEAKLY_DISPOSAL_CATEGORIES> = '', <INPUT_CATEGORIES> = 'TaskAssigned;TaskCompleted;DeadlinesMet;DeadlinesMissed;number of EOM;EOM points (agg) ;EOY(points);Manager Score', <DEA_FORM> = 'env', <PRICE_RATIO_RESTRICTIONS> = ''
2022-07-07 16:33:29,040 root         ERROR    could not convert string to float: 'abv'
2022-07-07 16:37:29,250 root         INFO     pyDEA started as a console application.
2022-07-07 16:37:29,251 root         INFO     Params file "parameters.txt", output format "csv", output directory "", sheet name "sample.csv".
2022-07-07 16:37:29,252 root         INFO     Started solving given DEA model(s).
2022-07-07 16:37:29,252 root         INFO     Parameters: <DEA_FORM> = 'env', <CATEGORICAL_CATEGORY> = '', <MAXIMIZE_SLACKS> = '', <RETURN_TO_SCALE> = 'both', <VIRTUAL_WEIGHT_RESTRICTIONS> = '', <NON_DISCRETIONARY_CATEGORIES> = 'ND1', <USE_SUPER_EFFICIENCY> = '', <OUTPUT_CATEGORIES> = 'Efficiency', <DATA_FILE> = 'sample.csv', <INPUT_CATEGORIES> = 'TaskAssigned;TaskCompleted;DeadlinesMet;DeadlinesMissed;number of EOM;EOM points (agg) ;EOY(points);Manager Score', <MULTIPLIER_MODEL_TOLERANCE> = '0', <PEEL_THE_ONION> = '', <ABS_WEIGHT_RESTRICTIONS> = '', <WEAKLY_DISPOSAL_CATEGORIES> = '', <OUTPUT_FILE> = 'auto', <ORIENTATION> = 'input', <PRICE_RATIO_RESTRICTIONS> = ''
2022-07-07 16:37:29,260 root         ERROR    'Efficiency is not present in categories list'
2022-07-07 16:37:29,260 root         INFO     pyDEA exited.
2022-07-07 16:38:00,846 root         INFO     pyDEA started as a console application.
2022-07-07 16:38:00,847 root         INFO     Params file "parameters.txt", output format "csv", output directory "", sheet name "sample.csv".
2022-07-07 16:38:00,848 root         INFO     Started solving given DEA model(s).
2022-07-07 16:38:00,848 root         INFO     Parameters: <MULTIPLIER_MODEL_TOLERANCE> = '0', <CATEGORICAL_CATEGORY> = '', <RETURN_TO_SCALE> = 'both', <ABS_WEIGHT_RESTRICTIONS> = '', <DEA_FORM> = 'env', <OUTPUT_CATEGORIES> = '', <PEEL_THE_ONION> = '', <PRICE_RATIO_RESTRICTIONS> = '', <MAXIMIZE_SLACKS> = '', <WEAKLY_DISPOSAL_CATEGORIES> = '', <DATA_FILE> = 'sample.csv', <OUTPUT_FILE> = 'auto', <NON_DISCRETIONARY_CATEGORIES> = 'ND1', <ORIENTATION> = 'input', <USE_SUPER_EFFICIENCY> = '', <VIRTUAL_WEIGHT_RESTRICTIONS> = '', <INPUT_CATEGORIES> = 'TaskAssigned;TaskCompleted;DeadlinesMet;DeadlinesMissed;number of EOM;EOM points (agg) ;EOY(points);Manager Score'
2022-07-07 16:38:00,856 root         ERROR    Both input and output categories must be specified
2022-07-07 16:38:00,856 root         INFO     pyDEA exited.
2022-07-07 16:38:07,716 root         INFO     pyDEA started as a console application.
2022-07-07 16:38:07,717 root         INFO     Params file "parameters.txt", output format "csv", output directory "", sheet name "sample.csv".
2022-07-07 16:38:07,718 root         INFO     Started solving given DEA model(s).
2022-07-07 16:38:07,718 root         INFO     Parameters: <PEEL_THE_ONION> = '', <DEA_FORM> = 'env', <MAXIMIZE_SLACKS> = '', <WEAKLY_DISPOSAL_CATEGORIES> = '', <NON_DISCRETIONARY_CATEGORIES> = 'ND1', <DATA_FILE> = 'sample.csv', <MULTIPLIER_MODEL_TOLERANCE> = '0', <ORIENTATION> = 'input', <INPUT_CATEGORIES> = 'TaskAssigned;TaskCompleted;DeadlinesMet;DeadlinesMissed;number of EOM;EOM points (agg) ;EOY(points);Manager Score', <CATEGORICAL_CATEGORY> = '', <USE_SUPER_EFFICIENCY> = '', <OUTPUT_FILE> = 'auto', <PRICE_RATIO_RESTRICTIONS> = '', <ABS_WEIGHT_RESTRICTIONS> = '', <RETURN_TO_SCALE> = 'both', <OUTPUT_CATEGORIES> = 'auto', <VIRTUAL_WEIGHT_RESTRICTIONS> = ''
2022-07-07 16:38:07,726 root         ERROR    'auto is not present in categories list'
2022-07-07 16:38:07,726 root         INFO     pyDEA exited.
2022-07-07 16:40:58,816 root         INFO     pyDEA started as a console application.
2022-07-07 16:40:58,817 root         INFO     Params file "parameters.txt", output format "csv", output directory "", sheet name "sample.csv".
2022-07-07 16:40:58,818 root         INFO     Started solving given DEA model(s).
2022-07-07 16:40:58,818 root         INFO     Parameters: <PEEL_THE_ONION> = '', <OUTPUT_FILE> = 'auto', <DEA_FORM> = 'env', <MAXIMIZE_SLACKS> = '', <WEAKLY_DISPOSAL_CATEGORIES> = '', <INPUT_CATEGORIES> = 'TaskAssigned;TaskCompleted;DeadlinesMet;DeadlinesMissed;number of EOM;EOM points (agg) ;EOY(points);Manager Score', <MULTIPLIER_MODEL_TOLERANCE> = '0', <CATEGORICAL_CATEGORY> = '', <RETURN_TO_SCALE> = 'both', <USE_SUPER_EFFICIENCY> = '', <ABS_WEIGHT_RESTRICTIONS> = '', <DATA_FILE> = 'sample.csv', <VIRTUAL_WEIGHT_RESTRICTIONS> = '', <OUTPUT_CATEGORIES> = 'Efficiency', <ORIENTATION> = 'input', <NON_DISCRETIONARY_CATEGORIES> = 'ND1', <PRICE_RATIO_RESTRICTIONS> = ''
2022-07-07 16:40:58,827 root         ERROR    For input-oriented model only input categories can be non-discretionary
2022-07-07 16:40:58,827 root         INFO     pyDEA exited.
2022-07-07 17:04:53,300 root         INFO     pyDEA started as a console application.
2022-07-07 17:04:53,301 root         INFO     Params file "parameters.txt", output format "csv", output directory "", sheet name "sample.csv".
2022-07-07 17:04:53,302 root         INFO     Started solving given DEA model(s).
2022-07-07 17:04:53,302 root         INFO     Parameters: <MULTIPLIER_MODEL_TOLERANCE> = '0', <OUTPUT_CATEGORIES> = 'Efficiency', <MAXIMIZE_SLACKS> = '', <VIRTUAL_WEIGHT_RESTRICTIONS> = '', <ORIENTATION> = 'input', <RETURN_TO_SCALE> = 'both', <ABS_WEIGHT_RESTRICTIONS> = '', <OUTPUT_FILE> = 'auto', <DEA_FORM> = 'env', <CATEGORICAL_CATEGORY> = '', <DATA_FILE> = 'sample.csv', <PEEL_THE_ONION> = '', <USE_SUPER_EFFICIENCY> = '', <PRICE_RATIO_RESTRICTIONS> = '', <WEAKLY_DISPOSAL_CATEGORIES> = '', <INPUT_CATEGORIES> = 'TaskAssigned;TaskCompleted;DeadlinesMet;DeadlinesMissed;number of EOM;EOM points (agg) ;EOY(points);Manager Score', <NON_DISCRETIONARY_CATEGORIES> = 'TaskAssigned;TaskCompleted;DeadlinesMet;DeadlinesMissed;number of EOM;EOM points (agg) ;EOY(points);Manager Score'
2022-07-07 17:04:59,053 root         INFO     Given DEA model(s) successfully solved.
2022-07-07 17:04:59,058 root         INFO     pyDEA exited.
2022-07-07 17:09:58,593 root         INFO     pyDEA started as a console application.
2022-07-07 17:09:58,594 root         INFO     Params file "parameters.txt", output format "csv", output directory "", sheet name "sample.csv".
2022-07-07 17:09:58,596 root         INFO     Started solving given DEA model(s).
2022-07-07 17:09:58,596 root         INFO     Parameters: <OUTPUT_CATEGORIES> = 'Efficiency', <PEEL_THE_ONION> = '', <INPUT_CATEGORIES> = 'TaskAssigned;TaskCompleted;DeadlinesMet;DeadlinesMissed;number of EOM;EOM points (agg) ;EOY(points);Manager Score', <WEAKLY_DISPOSAL_CATEGORIES> = '', <VIRTUAL_WEIGHT_RESTRICTIONS> = '', <OUTPUT_FILE> = 'auto', <NON_DISCRETIONARY_CATEGORIES> = 'TaskAssigned;TaskCompleted;DeadlinesMet;DeadlinesMissed;number of EOM;EOM points (agg) ;EOY(points);Manager Score', <USE_SUPER_EFFICIENCY> = '', <PRICE_RATIO_RESTRICTIONS> = '', <ABS_WEIGHT_RESTRICTIONS> = '', <ORIENTATION> = 'input', <MULTIPLIER_MODEL_TOLERANCE> = '0', <DATA_FILE> = 'sample.csv', <DEA_FORM> = 'env', <CATEGORICAL_CATEGORY> = '', <MAXIMIZE_SLACKS> = '', <RETURN_TO_SCALE> = 'both'
2022-07-07 17:09:58,598 root         ERROR    could not convert string to float: 
2022-07-07 17:37:13,954 root         INFO     pyDEA started as a console application.
2022-07-07 17:37:13,955 root         INFO     Params file "parameters.txt", output format "csv", output directory "", sheet name "sample.csv".
2022-07-07 17:37:13,956 root         INFO     Started solving given DEA model(s).
2022-07-07 17:37:13,957 root         INFO     Parameters: <DEA_FORM> = 'env', <PEEL_THE_ONION> = '', <CATEGORICAL_CATEGORY> = '', <USE_SUPER_EFFICIENCY> = '', <INPUT_CATEGORIES> = 'DeadlinesMissed', <RETURN_TO_SCALE> = 'both', <MULTIPLIER_MODEL_TOLERANCE> = '0', <ORIENTATION> = 'input', <WEAKLY_DISPOSAL_CATEGORIES> = '', <PRICE_RATIO_RESTRICTIONS> = '', <DATA_FILE> = 'sample.csv', <ABS_WEIGHT_RESTRICTIONS> = '', <VIRTUAL_WEIGHT_RESTRICTIONS> = '', <OUTPUT_FILE> = 'auto', <OUTPUT_CATEGORIES> = 'TaskAssigned;TaskCompleted;DeadlinesMet;number of EOM;EOM points (agg) ;EOY(points);Manager Score', <NON_DISCRETIONARY_CATEGORIES> = 'DeadlinesMissed', <MAXIMIZE_SLACKS> = ''
2022-07-07 17:37:19,279 root         INFO     Given DEA model(s) successfully solved.
2022-07-07 17:37:19,285 root         INFO     pyDEA exited.
2022-07-07 17:38:12,364 root         INFO     pyDEA started as a console application.
2022-07-07 17:38:12,364 root         INFO     Params file "parameters.txt", output format "csv", output directory "", sheet name "sample.csv".
2022-07-07 17:38:12,366 root         INFO     Started solving given DEA model(s).
2022-07-07 17:38:12,366 root         INFO     Parameters: <DEA_FORM> = 'env', <NON_DISCRETIONARY_CATEGORIES> = 'DeadlinesMissed', <ABS_WEIGHT_RESTRICTIONS> = '', <MAXIMIZE_SLACKS> = '', <OUTPUT_FILE> = 'auto', <ORIENTATION> = 'input', <PRICE_RATIO_RESTRICTIONS> = '', <CATEGORICAL_CATEGORY> = '', <INPUT_CATEGORIES> = 'DeadlinesMissed', <USE_SUPER_EFFICIENCY> = '', <VIRTUAL_WEIGHT_RESTRICTIONS> = '', <PEEL_THE_ONION> = '', <OUTPUT_CATEGORIES> = 'TaskAssigned;TaskCompleted;DeadlinesMet;number of EOM;EOM points (agg) ;EOY(points);Manager Score', <WEAKLY_DISPOSAL_CATEGORIES> = '', <MULTIPLIER_MODEL_TOLERANCE> = '0', <RETURN_TO_SCALE> = 'both', <DATA_FILE> = 'sample.csv'
2022-07-07 17:38:17,753 root         INFO     Given DEA model(s) successfully solved.
2022-07-07 17:38:17,758 root         INFO     pyDEA exited.
2022-07-07 17:40:24,564 root         INFO     pyDEA started as a GUI application.
2022-07-07 17:41:25,413 root         INFO     Started solving given DEA model(s).
2022-07-07 17:41:25,414 root         INFO     Parameters: <CATEGORICAL_CATEGORY> = '', <ORIENTATION> = 'input', <INPUT_CATEGORIES> = 'DeadlinesMissed', <PEEL_THE_ONION> = '', <VIRTUAL_WEIGHT_RESTRICTIONS> = '', <OUTPUT_FILE> = '', <NON_DISCRETIONARY_CATEGORIES> = '', <DATA_FILE> = '/home/shisuimadara/HACKIIScPYTHON/sample.csv', <MAXIMIZE_SLACKS> = '', <WEAKLY_DISPOSAL_CATEGORIES> = '', <OUTPUT_CATEGORIES> = 'number of EOM;TaskCompleted;EOY(points);Manager Score;DeadlinesMet;EOM points (agg);TaskAssigned', <MULTIPLIER_MODEL_TOLERANCE> = '0', <USE_SUPER_EFFICIENCY> = '', <DEA_FORM> = 'env', <RETURN_TO_SCALE> = 'VRS', <PRICE_RATIO_RESTRICTIONS> = '', <ABS_WEIGHT_RESTRICTIONS> = ''
2022-07-07 17:41:28,424 root         INFO     Given DEA model(s) successfully solved.
2022-07-07 17:43:09,579 root         INFO     pyDEA started as a console application.
2022-07-07 17:43:09,580 root         INFO     Params file "parameters.txt", output format "csv", output directory "", sheet name "sample.csv".
2022-07-07 17:43:09,581 root         INFO     Started solving given DEA model(s).
2022-07-07 17:43:09,581 root         INFO     Parameters: <RETURN_TO_SCALE> = 'both', <MULTIPLIER_MODEL_TOLERANCE> = '0', <DEA_FORM> = 'env', <INPUT_CATEGORIES> = 'DeadlinesMissed', <DATA_FILE> = 'sample.csv', <PRICE_RATIO_RESTRICTIONS> = '', <ORIENTATION> = 'input', <MAXIMIZE_SLACKS> = '', <NON_DISCRETIONARY_CATEGORIES> = '', <PEEL_THE_ONION> = '', <ABS_WEIGHT_RESTRICTIONS> = '', <WEAKLY_DISPOSAL_CATEGORIES> = '', <VIRTUAL_WEIGHT_RESTRICTIONS> = '', <OUTPUT_CATEGORIES> = 'TaskAssigned;TaskCompleted;DeadlinesMet;number of EOM;EOM points (agg) ;EOY(points);Manager Score', <USE_SUPER_EFFICIENCY> = '', <CATEGORICAL_CATEGORY> = '', <OUTPUT_FILE> = 'auto'
2022-07-07 17:43:15,016 root         INFO     Given DEA model(s) successfully solved.
2022-07-07 17:43:15,022 root         INFO     pyDEA exited.
2022-07-07 18:28:37,941 root         INFO     pyDEA started as a console application.
2022-07-07 18:28:37,942 root         INFO     Params file "parameters.txt", output format "csv", output directory "", sheet name "sample.csv".
2022-07-07 18:28:37,943 root         INFO     Started solving given DEA model(s).
2022-07-07 18:28:37,943 root         INFO     Parameters: <PEEL_THE_ONION> = '', <USE_SUPER_EFFICIENCY> = '', <PRICE_RATIO_RESTRICTIONS> = '', <WEAKLY_DISPOSAL_CATEGORIES> = '', <CATEGORICAL_CATEGORY> = '', <INPUT_CATEGORIES> = 'DeadlinesMissed; Holidays Taken', <OUTPUT_FILE> = 'auto', <OUTPUT_CATEGORIES> = 'Experience(yrs);TaskAssigned;TaskCompleted;DeadlinesMet;number of EOM;EOM points (agg) ;EOY(points);Manager Score', <ABS_WEIGHT_RESTRICTIONS> = '', <DEA_FORM> = 'env', <DATA_FILE> = 'sample.csv', <VIRTUAL_WEIGHT_RESTRICTIONS> = '', <RETURN_TO_SCALE> = 'both', <NON_DISCRETIONARY_CATEGORIES> = '', <MAXIMIZE_SLACKS> = '', <ORIENTATION> = 'input', <MULTIPLIER_MODEL_TOLERANCE> = '0'
2022-07-07 18:28:44,048 root         INFO     Given DEA model(s) successfully solved.
2022-07-07 18:28:44,055 root         INFO     pyDEA exited.
2022-07-08 19:29:44,769 root         INFO     pyDEA started as a console application.
2022-07-08 19:29:44,802 root         INFO     Params file "parameters.txt", output format "csv", output directory "", sheet name "sample.csv".
2022-07-08 19:29:44,810 root         INFO     Started solving given DEA model(s).
2022-07-08 19:29:44,811 root         INFO     Parameters: <ORIENTATION> = 'input', <RETURN_TO_SCALE> = 'both', <USE_SUPER_EFFICIENCY> = '', <PEEL_THE_ONION> = '', <MAXIMIZE_SLACKS> = '', <INPUT_CATEGORIES> = 'DeadlinesMissed; Holidays Taken', <DEA_FORM> = 'env', <CATEGORICAL_CATEGORY> = '', <WEAKLY_DISPOSAL_CATEGORIES> = '', <OUTPUT_FILE> = 'auto', <DATA_FILE> = 'sample.csv', <MULTIPLIER_MODEL_TOLERANCE> = '0', <VIRTUAL_WEIGHT_RESTRICTIONS> = '', <OUTPUT_CATEGORIES> = 'Experience(yrs);TaskAssigned;TaskCompleted;DeadlinesMet;number of EOM;EOM points (agg) ;EOY(points);Manager Score', <PRICE_RATIO_RESTRICTIONS> = '', <NON_DISCRETIONARY_CATEGORIES> = '', <ABS_WEIGHT_RESTRICTIONS> = ''
2022-07-08 19:29:51,507 root         INFO     Given DEA model(s) successfully solved.
2022-07-08 19:29:51,512 root         INFO     pyDEA exited.
2022-07-08 22:07:17,885 root         INFO     pyDEA started as a console application.
2022-07-08 22:07:17,886 root         INFO     Params file "parameters.txt", output format "csv", output directory "", sheet name "sample.csv".
2022-07-08 22:07:17,887 root         INFO     Started solving given DEA model(s).
2022-07-08 22:07:17,887 root         INFO     Parameters: <OUTPUT_CATEGORIES> = 'Experience(yrs);TaskAssigned;TaskCompleted;DeadlinesMet;number of EOM;EOM points (agg) ;EOY(points);Manager Score', <ORIENTATION> = 'input', <OUTPUT_FILE> = 'auto', <DEA_FORM> = 'env', <INPUT_CATEGORIES> = 'DeadlinesMissed; Holidays Taken', <MULTIPLIER_MODEL_TOLERANCE> = '0', <ABS_WEIGHT_RESTRICTIONS> = '', <MAXIMIZE_SLACKS> = '', <PRICE_RATIO_RESTRICTIONS> = '', <WEAKLY_DISPOSAL_CATEGORIES> = '', <PEEL_THE_ONION> = '', <DATA_FILE> = 'sample.csv', <RETURN_TO_SCALE> = 'both', <NON_DISCRETIONARY_CATEGORIES> = '', <USE_SUPER_EFFICIENCY> = '', <VIRTUAL_WEIGHT_RESTRICTIONS> = '', <CATEGORICAL_CATEGORY> = ''
2022-07-08 22:07:23,608 root         INFO     Given DEA model(s) successfully solved.
2022-07-08 22:07:23,613 root         INFO     pyDEA exited.
2022-07-08 22:16:16,894 root         INFO     pyDEA started as a console application.
2022-07-08 22:16:16,894 root         INFO     Params file "parameters.txt", output format "csv", output directory "", sheet name "sample.csv".
2022-07-08 22:16:16,895 root         INFO     Started solving given DEA model(s).
2022-07-08 22:16:16,896 root         INFO     Parameters: <PEEL_THE_ONION> = '', <INPUT_CATEGORIES> = 'DeadlinesMissed; Holidays Taken', <VIRTUAL_WEIGHT_RESTRICTIONS> = '', <USE_SUPER_EFFICIENCY> = '', <CATEGORICAL_CATEGORY> = '', <WEAKLY_DISPOSAL_CATEGORIES> = '', <MULTIPLIER_MODEL_TOLERANCE> = '0', <NON_DISCRETIONARY_CATEGORIES> = '', <DEA_FORM> = 'env', <PRICE_RATIO_RESTRICTIONS> = '', <MAXIMIZE_SLACKS> = '', <OUTPUT_CATEGORIES> = 'Experience(yrs);TaskAssigned;TaskCompleted;DeadlinesMet;number of EOM;EOM points (agg) ;EOY(points);Manager Score', <RETURN_TO_SCALE> = 'both', <OUTPUT_FILE> = 'auto', <DATA_FILE> = 'sample.csv', <ORIENTATION> = 'input', <ABS_WEIGHT_RESTRICTIONS> = ''
2022-07-08 22:16:22,664 root         INFO     Given DEA model(s) successfully solved.
2022-07-08 22:16:22,669 root         INFO     pyDEA exited.
